app/build/intermediates/manifest_merge_blame_file/debug/manifest-merger-blame-debug-report.txt
1<?xml version="1.0" encoding="utf-8"?>
2<manifest xmlns:android="http://schemas.android.com/apk/res/android"
3    package="com.example.loraapp"
4    android:versionCode="1"
5    android:versionName="1.0" >
6
7    <uses-sdk
8        android:minSdkVersion="16"
8-->src\main\AndroidManifest.xml
9        android:targetSdkVersion="30" />
9-->src\main\AndroidManifest.xml
10    <!--
11         The ACCESS_COARSE/FINE_LOCATION permissions are not required to use
12         Google Maps Android API v2, but you must specify either coarse or fine
13         location permissions for the "MyLocation" functionality.
14    -->
15    <uses-permission android:name="android.permission.ACCESS_FINE_LOCATION" />
15-->src\main\AndroidManifest.xml:10:5-79
15-->src\main\AndroidManifest.xml:10:22-76
16    <uses-permission android:name="android.permission.ACCESS_COARSE_LOCATION" />
16-->src\main\AndroidManifest.xml:11:5-81
16-->src\main\AndroidManifest.xml:11:22-78
17    <uses-permission android:name="android.permission.INTERNET" />
17-->src\main\AndroidManifest.xml:12:5-67
17-->src\main\AndroidManifest.xml:12:22-64
18    <uses-permission android:name="android.permission.CAMERA" />
18-->src\main\AndroidManifest.xml:13:5-65
18-->src\main\AndroidManifest.xml:13:22-62
19    <uses-permission android:name="android.permission.READ_EXTERNAL_STORAGE" />
19-->src\main\AndroidManifest.xml:14:5-80
19-->src\main\AndroidManifest.xml:14:22-77
20    <uses-permission android:name="android.permission.VIBRATE" />
20-->src\main\AndroidManifest.xml:15:5-66
20-->src\main\AndroidManifest.xml:15:22-63
21    <uses-permission
21-->src\main\AndroidManifest.xml:17:5-20:40
22        android:name="android.permission.WRITE_EXTERNAL_STORAGE"
22-->src\main\AndroidManifest.xml:18:9-65
23        android:maxSdkVersion="28" />
23-->src\main\AndroidManifest.xml:19:9-35
24
25    <!-- Include required permissions for Google Maps API to run. -->
26    <uses-permission android:name="android.permission.ACCESS_NETWORK_STATE" />
26-->[com.google.android.gms:play-services-maps:17.0.1] AndroidManifest.xml:23:5-79
26-->[com.google.android.gms:play-services-maps:17.0.1] AndroidManifest.xml:23:22-76
27
28    <uses-feature
28-->[com.google.android.gms:play-services-maps:17.0.1] AndroidManifest.xml:26:5-28:35
29        android:glEsVersion="0x00020000"
29-->[com.google.android.gms:play-services-maps:17.0.1] AndroidManifest.xml:27:9-41
30        android:required="true" />
30-->[com.google.android.gms:play-services-maps:17.0.1] AndroidManifest.xml:28:9-32
31
32    <queries>
32-->[com.google.android.gms:play-services-maps:17.0.1] AndroidManifest.xml:30:5-34:15
33
34        <!-- Needs to be explicitly declared on Android R+ -->
35        <package android:name="com.google.android.apps.maps" />
35-->[com.google.android.gms:play-services-maps:17.0.1] AndroidManifest.xml:33:9-64
35-->[com.google.android.gms:play-services-maps:17.0.1] AndroidManifest.xml:33:18-61
36    </queries>
37
38    <application
38-->src\main\AndroidManifest.xml:22:5-64:19
39        android:name="com.example.loraapp.Role"
39-->src\main\AndroidManifest.xml:23:9-29
40        android:allowBackup="true"
40-->src\main\AndroidManifest.xml:24:9-35
41        android:appComponentFactory="androidx.core.app.CoreComponentFactory"
41-->[androidx.core:core:1.5.0] AndroidManifest.xml:24:18-86
42        android:debuggable="true"
43        android:icon="@mipmap/ic_launcher"
43-->src\main\AndroidManifest.xml:25:9-43
44        android:label="@string/app_name"
44-->src\main\AndroidManifest.xml:26:9-41
45        android:roundIcon="@mipmap/ic_launcher_round"
45-->src\main\AndroidManifest.xml:27:9-54
46        android:supportsRtl="true"
46-->src\main\AndroidManifest.xml:28:9-35
47        android:testOnly="true"
48        android:theme="@style/Theme.LoraApp"
48-->src\main\AndroidManifest.xml:29:9-45
49        android:usesCleartextTraffic="true" >
49-->src\main\AndroidManifest.xml:30:9-44
50        <activity android:name="com.example.loraapp.CheckSuccessActivity" />
50-->src\main\AndroidManifest.xml:32:9-67
50-->src\main\AndroidManifest.xml:32:19-55
51        <activity android:name="com.example.loraapp.AddSuccessActivity" />
51-->src\main\AndroidManifest.xml:33:9-56
51-->src\main\AndroidManifest.xml:33:19-53
52        <activity android:name="com.example.loraapp.EngineerActivity" />
52-->src\main\AndroidManifest.xml:34:9-54
52-->src\main\AndroidManifest.xml:34:19-51
53        <activity android:name="com.example.loraapp.SensorActivity" />
53-->src\main\AndroidManifest.xml:35:9-52
53-->src\main\AndroidManifest.xml:35:19-49
54        <activity android:name="com.example.loraapp.SensorMechanicActivity" />
54-->src\main\AndroidManifest.xml:36:9-60
54-->src\main\AndroidManifest.xml:36:19-57
55        <activity android:name="com.example.loraapp.TableActivity" />
55-->src\main\AndroidManifest.xml:37:9-51
55-->src\main\AndroidManifest.xml:37:19-48
56        <activity android:name="com.example.loraapp.AddSensorActivity" />
56-->src\main\AndroidManifest.xml:38:9-55
56-->src\main\AndroidManifest.xml:38:19-52
57        <activity android:name="com.example.loraapp.UNAuthActivity" />
57-->src\main\AndroidManifest.xml:39:9-52
57-->src\main\AndroidManifest.xml:39:19-49
58        <activity android:name="com.example.loraapp.TransferSuccessActivity" />
58-->src\main\AndroidManifest.xml:40:9-61
58-->src\main\AndroidManifest.xml:40:19-58
59        <activity android:name="com.example.loraapp.RegisterSuccessActivity" />
59-->src\main\AndroidManifest.xml:41:9-61
59-->src\main\AndroidManifest.xml:41:19-58
60        <activity android:name="com.example.loraapp.CheckQRCodeActivity" />
60-->src\main\AndroidManifest.xml:42:9-57
60-->src\main\AndroidManifest.xml:42:19-54
61        <activity android:name="com.example.loraapp.DataActivity" />
61-->src\main\AndroidManifest.xml:43:9-50
61-->src\main\AndroidManifest.xml:43:19-47
62        <!--
63             The API key for Google Maps-based APIs is defined as a string resource.
64             (See the file "res/values/google_maps_api.xml").
65             Note that the API key is linked to the encryption key used to sign the APK.
66             You need a different API key for each encryption key, including the release key that is used to
67             sign the APK for publishing.
68             You can define the keys for the debug and release targets in src/debug/ and src/release/.
69        -->
70        <meta-data
70-->src\main\AndroidManifest.xml:52:9-54:55
71            android:name="com.google.android.geo.API_KEY"
71-->src\main\AndroidManifest.xml:53:13-58
72            android:value="@string/google_maps_key" />
72-->src\main\AndroidManifest.xml:54:13-52
73
74        <activity android:name="com.example.loraapp.ChooseActivity" />
74-->src\main\AndroidManifest.xml:56:9-52
74-->src\main\AndroidManifest.xml:56:19-49
75        <activity android:name="com.example.loraapp.MainActivity" >
75-->src\main\AndroidManifest.xml:57:9-63:20
75-->src\main\AndroidManifest.xml:57:19-47
76            <intent-filter>
76-->src\main\AndroidManifest.xml:58:13-62:29
77                <action android:name="android.intent.action.MAIN" />
77-->src\main\AndroidManifest.xml:59:17-69
77-->src\main\AndroidManifest.xml:59:25-66
78
79                <category android:name="android.intent.category.LAUNCHER" />
79-->src\main\AndroidManifest.xml:61:17-77
79-->src\main\AndroidManifest.xml:61:27-74
80            </intent-filter>
81        </activity>
82        <activity android:name="com.blikoon.qrcodescanner.QrCodeActivity" >
82-->[com.github.blikoon:QRCodeScanner:0.1.2] AndroidManifest.xml:15:9-16:20
82-->[com.github.blikoon:QRCodeScanner:0.1.2] AndroidManifest.xml:15:19-74
83        </activity> <!-- Needs to be explicitly declared on P+ -->
84        <uses-library
84-->[com.google.android.gms:play-services-maps:17.0.1] AndroidManifest.xml:39:9-41:40
85            android:name="org.apache.http.legacy"
85-->[com.google.android.gms:play-services-maps:17.0.1] AndroidManifest.xml:40:13-50
86            android:required="false" />
86-->[com.google.android.gms:play-services-maps:17.0.1] AndroidManifest.xml:41:13-37
87
88        <activity
88-->[com.google.android.gms:play-services-base:17.0.0] AndroidManifest.xml:23:9-26:75
89            android:name="com.google.android.gms.common.api.GoogleApiActivity"
89-->[com.google.android.gms:play-services-base:17.0.0] AndroidManifest.xml:24:13-79
90            android:exported="false"
90-->[com.google.android.gms:play-services-base:17.0.0] AndroidManifest.xml:25:13-37
91            android:theme="@android:style/Theme.Translucent.NoTitleBar" />
91-->[com.google.android.gms:play-services-base:17.0.0] AndroidManifest.xml:26:13-72
92
93        <meta-data
93-->[com.google.android.gms:play-services-basement:17.0.0] AndroidManifest.xml:23:9-25:69
94            android:name="com.google.android.gms.version"
94-->[com.google.android.gms:play-services-basement:17.0.0] AndroidManifest.xml:24:13-58
95            android:value="@integer/google_play_services_version" />
95-->[com.google.android.gms:play-services-basement:17.0.0] AndroidManifest.xml:25:13-66
96    </application>
97
98</manifest>